-------------------------------------------------------------------------------
Test set: BankServiceTest
-------------------------------------------------------------------------------
Tests run: 9, Failures: 1, Errors: 0, Skipped: 0, Time elapsed: 0.645 s <<< FAILURE! - in BankServiceTest
testRealizeCredit_Success(BankServiceTest)  Time elapsed: 0.003 s  <<< FAILURE!
java.lang.AssertionError: expected:<150.0> but was:<50.0>
	at BankServiceTest.testRealizeCredit_Success(BankServiceTest.java:97)

