<?xml version="1.0" encoding="UTF-8"?>
<testsuite xmlns:xsi="http://www.w3.org/2001/XMLSchema-instance" xsi:noNamespaceSchemaLocation="https://maven.apache.org/surefire/maven-surefire-plugin/xsd/surefire-test-report.xsd" name="BankServiceTest" time="0.645" tests="9" errors="0" skipped="0" failures="1">
  <properties>
[...]
</properties>
  <testcase name="testCreateAccount_Success" classname="BankServiceTest" time="0.465"/>
  <testcase name="testCreateAccount_InvalidType" classname="BankServiceTest" time="0"/>
  <testcase name="testRealizeTransfer_FailedDebit" classname="BankServiceTest" time="0.005"/>
  <testcase name="testRealizeCredit_InvalidValue" classname="BankServiceTest" time="0.001"/>
  <testcase name="testCheckBalance" classname="BankServiceTest" time="0"/>
  <testcase name="testRealizeDebit_Success" classname="BankServiceTest" time="0"/>
  <testcase name="testRealizeTransfer_Success" classname="BankServiceTest" time="0.002"/>
  <testcase name="testRealizeCredit_Success" classname="BankServiceTest" time="0.003">
    <failure message="expected:&lt;150.0&gt; but was:&lt;50.0&gt;" type="java.lang.AssertionError"><![CDATA[java.lang.AssertionError: expected:<150.0> but was:<50.0>
	at BankServiceTest.testRealizeCredit_Success(BankServiceTest.java:97)
]]></failure>
  </testcase>
  <testcase name="testRealizeDebit_InsufficientBalance" classname="BankServiceTest" time="0"/>
</testsuite>