<?xml version="1.0" encoding="UTF-8"?>
<testsuite xmlns:xsi="http://www.w3.org/2001/XMLSchema-instance" xsi:noNamespaceSchemaLocation="https://maven.apache.org/surefire/maven-surefire-plugin/xsd/surefire-test-report.xsd" name="BankServiceTest" time="0.645" tests="9" errors="0" skipped="0" failures="1">
  <properties>
    <property name="sun.desktop" value="gnome"/>
    <property name="awt.toolkit" value="sun.awt.X11.XToolkit"/>
    <property name="file.encoding.pkg" value="sun.io"/>
    <property name="java.specification.version" value="1.8"/>
    <property name="sun.cpu.isalist" value=""/>
    <property name="sun.jnu.encoding" value="UTF-8"/>
    <property name="java.class.path" value="/home/neylanepereira/dev/TesteSoftwareII-Sistema-Bancario/sistema-bancario-backend/target/test-classes:/home/neylanepereira/dev/TesteSoftwareII-Sistema-Bancario/sistema-bancario-backend/target/classes:/home/neylanepereira/.m2/repository/junit/junit/4.13.1/junit-4.13.1.jar:/home/neylanepereira/.m2/repository/org/hamcrest/hamcrest-core/1.3/hamcrest-core-1.3.jar:/home/neylanepereira/.m2/repository/org/mockito/mockito-core/3.11.2/mockito-core-3.11.2.jar:/home/neylanepereira/.m2/repository/net/bytebuddy/byte-buddy/1.11.3/byte-buddy-1.11.3.jar:/home/neylanepereira/.m2/repository/net/bytebuddy/byte-buddy-agent/1.11.3/byte-buddy-agent-1.11.3.jar:/home/neylanepereira/.m2/repository/org/objenesis/objenesis/3.2/objenesis-3.2.jar:/home/neylanepereira/.m2/repository/org/projectlombok/lombok/1.18.34/lombok-1.18.34.jar:/home/neylanepereira/.m2/repository/org/evosuite/evosuite-standalone-runtime/1.0.6/evosuite-standalone-runtime-1.0.6.jar:/home/neylanepereira/.m2/repository/com/fasterxml/jackson/core/jackson-databind/2.12.5/jackson-databind-2.12.5.jar:/home/neylanepereira/.m2/repository/com/fasterxml/jackson/core/jackson-core/2.12.5/jackson-core-2.12.5.jar:/home/neylanepereira/.m2/repository/com/fasterxml/jackson/core/jackson-annotations/2.12.5/jackson-annotations-2.12.5.jar:"/>
    <property name="java.vm.vendor" value="Private Build"/>
    <property name="sun.arch.data.model" value="64"/>
    <property name="java.vendor.url" value="http://java.oracle.com/"/>
    <property name="user.timezone" value=""/>
    <property name="java.vm.specification.version" value="1.8"/>
    <property name="os.name" value="Linux"/>
    <property name="user.country" value="BR"/>
    <property name="sun.java.launcher" value="SUN_STANDARD"/>
    <property name="sun.boot.library.path" value="/usr/lib/jvm/java-8-openjdk-amd64/jre/lib/amd64"/>
    <property name="sun.java.command" value="/home/neylanepereira/dev/TesteSoftwareII-Sistema-Bancario/sistema-bancario-backend/target/surefire/surefirebooter5273912116443946693.jar /home/neylanepereira/dev/TesteSoftwareII-Sistema-Bancario/sistema-bancario-backend/target/surefire 2024-10-12T17-35-55_697-jvmRun1 surefire5976697134211432915tmp surefire_08018480941807710032tmp"/>
    <property name="surefire.test.class.path" value="/home/neylanepereira/dev/TesteSoftwareII-Sistema-Bancario/sistema-bancario-backend/target/test-classes:/home/neylanepereira/dev/TesteSoftwareII-Sistema-Bancario/sistema-bancario-backend/target/classes:/home/neylanepereira/.m2/repository/junit/junit/4.13.1/junit-4.13.1.jar:/home/neylanepereira/.m2/repository/org/hamcrest/hamcrest-core/1.3/hamcrest-core-1.3.jar:/home/neylanepereira/.m2/repository/org/mockito/mockito-core/3.11.2/mockito-core-3.11.2.jar:/home/neylanepereira/.m2/repository/net/bytebuddy/byte-buddy/1.11.3/byte-buddy-1.11.3.jar:/home/neylanepereira/.m2/repository/net/bytebuddy/byte-buddy-agent/1.11.3/byte-buddy-agent-1.11.3.jar:/home/neylanepereira/.m2/repository/org/objenesis/objenesis/3.2/objenesis-3.2.jar:/home/neylanepereira/.m2/repository/org/projectlombok/lombok/1.18.34/lombok-1.18.34.jar:/home/neylanepereira/.m2/repository/org/evosuite/evosuite-standalone-runtime/1.0.6/evosuite-standalone-runtime-1.0.6.jar:/home/neylanepereira/.m2/repository/com/fasterxml/jackson/core/jackson-databind/2.12.5/jackson-databind-2.12.5.jar:/home/neylanepereira/.m2/repository/com/fasterxml/jackson/core/jackson-core/2.12.5/jackson-core-2.12.5.jar:/home/neylanepereira/.m2/repository/com/fasterxml/jackson/core/jackson-annotations/2.12.5/jackson-annotations-2.12.5.jar:"/>
    <property name="sun.cpu.endian" value="little"/>
    <property name="user.home" value="/home/neylanepereira"/>
    <property name="user.language" value="pt"/>
    <property name="java.specification.vendor" value="Oracle Corporation"/>
    <property name="java.home" value="/usr/lib/jvm/java-8-openjdk-amd64/jre"/>
    <property name="basedir" value="/home/neylanepereira/dev/TesteSoftwareII-Sistema-Bancario/sistema-bancario-backend"/>
    <property name="file.separator" value="/"/>
    <property name="line.separator" value="&#10;"/>
    <property name="java.vm.specification.vendor" value="Oracle Corporation"/>
    <property name="java.specification.name" value="Java Platform API Specification"/>
    <property name="java.awt.graphicsenv" value="sun.awt.X11GraphicsEnvironment"/>
    <property name="surefire.real.class.path" value="/home/neylanepereira/dev/TesteSoftwareII-Sistema-Bancario/sistema-bancario-backend/target/surefire/surefirebooter5273912116443946693.jar"/>
    <property name="sun.boot.class.path" value="/usr/lib/jvm/java-8-openjdk-amd64/jre/lib/resources.jar:/usr/lib/jvm/java-8-openjdk-amd64/jre/lib/rt.jar:/usr/lib/jvm/java-8-openjdk-amd64/jre/lib/sunrsasign.jar:/usr/lib/jvm/java-8-openjdk-amd64/jre/lib/jsse.jar:/usr/lib/jvm/java-8-openjdk-amd64/jre/lib/jce.jar:/usr/lib/jvm/java-8-openjdk-amd64/jre/lib/charsets.jar:/usr/lib/jvm/java-8-openjdk-amd64/jre/lib/jfr.jar:/usr/lib/jvm/java-8-openjdk-amd64/jre/classes"/>
    <property name="sun.management.compiler" value="HotSpot 64-Bit Tiered Compilers"/>
    <property name="java.runtime.version" value="1.8.0_422-8u422-b05-1~24.04-b05"/>
    <property name="user.name" value="neylanepereira"/>
    <property name="path.separator" value=":"/>
    <property name="os.version" value="6.8.0-45-generic"/>
    <property name="java.endorsed.dirs" value="/usr/lib/jvm/java-8-openjdk-amd64/jre/lib/endorsed"/>
    <property name="java.runtime.name" value="OpenJDK Runtime Environment"/>
    <property name="file.encoding" value="UTF-8"/>
    <property name="java.vm.name" value="OpenJDK 64-Bit Server VM"/>
    <property name="localRepository" value="/home/neylanepereira/.m2/repository"/>
    <property name="java.vendor.url.bug" value="http://bugreport.sun.com/bugreport/"/>
    <property name="java.io.tmpdir" value="/tmp"/>
    <property name="java.version" value="1.8.0_422"/>
    <property name="user.dir" value="/home/neylanepereira/dev/TesteSoftwareII-Sistema-Bancario/sistema-bancario-backend"/>
    <property name="os.arch" value="amd64"/>
    <property name="java.vm.specification.name" value="Java Virtual Machine Specification"/>
    <property name="java.awt.printerjob" value="sun.print.PSPrinterJob"/>
    <property name="sun.os.patch.level" value="unknown"/>
    <property name="java.library.path" value="/usr/java/packages/lib/amd64:/usr/lib/x86_64-linux-gnu/jni:/lib/x86_64-linux-gnu:/usr/lib/x86_64-linux-gnu:/usr/lib/jni:/lib:/usr/lib"/>
    <property name="java.vm.info" value="mixed mode"/>
    <property name="java.vendor" value="Private Build"/>
    <property name="java.vm.version" value="25.422-b05"/>
    <property name="java.specification.maintenance.version" value="5"/>
    <property name="java.ext.dirs" value="/usr/lib/jvm/java-8-openjdk-amd64/jre/lib/ext:/usr/java/packages/lib/ext"/>
    <property name="sun.io.unicode.encoding" value="UnicodeLittle"/>
    <property name="java.class.version" value="52.0"/>
  </properties>
  <testcase name="testCreateAccount_Success" classname="BankServiceTest" time="0.465"/>
  <testcase name="testCreateAccount_InvalidType" classname="BankServiceTest" time="0"/>
  <testcase name="testRealizeTransfer_FailedDebit" classname="BankServiceTest" time="0.005"/>
  <testcase name="testRealizeCredit_InvalidValue" classname="BankServiceTest" time="0.001"/>
  <testcase name="testCheckBalance" classname="BankServiceTest" time="0"/>
  <testcase name="testRealizeDebit_Success" classname="BankServiceTest" time="0"/>
  <testcase name="testRealizeTransfer_Success" classname="BankServiceTest" time="0.002"/>
  <testcase name="testRealizeCredit_Success" classname="BankServiceTest" time="0.003">
    <failure message="expected:&lt;150.0&gt; but was:&lt;50.0&gt;" type="java.lang.AssertionError"><![CDATA[java.lang.AssertionError: expected:<150.0> but was:<50.0>
	at BankServiceTest.testRealizeCredit_Success(BankServiceTest.java:97)
]]></failure>
  </testcase>
  <testcase name="testRealizeDebit_InsufficientBalance" classname="BankServiceTest" time="0"/>
</testsuite>