<?xml version="1.0" encoding="UTF-8"?>
<testsuite xmlns:xsi="http://www.w3.org/2001/XMLSchema-instance" xsi:noNamespaceSchemaLocation="https://maven.apache.org/surefire/maven-surefire-plugin/xsd/surefire-test-report.xsd" name="imd.ufrn.RegressionTest" time="0.103" tests="80" errors="0" skipped="0" failures="0">
  <properties>
[...]
</properties>
  <testcase name="test01" classname="imd.ufrn.RegressionTest0" time="0.004"/>
  <testcase name="test02" classname="imd.ufrn.RegressionTest0" time="0"/>
  <testcase name="test03" classname="imd.ufrn.RegressionTest0" time="0"/>
  <testcase name="test04" classname="imd.ufrn.RegressionTest0" time="0"/>
  <testcase name="test05" classname="imd.ufrn.RegressionTest0" time="0"/>
  <testcase name="test06" classname="imd.ufrn.RegressionTest0" time="0"/>
  <testcase name="test07" classname="imd.ufrn.RegressionTest0" time="0"/>
  <testcase name="test08" classname="imd.ufrn.RegressionTest0" time="0"/>
  <testcase name="test09" classname="imd.ufrn.RegressionTest0" time="0"/>
  <testcase name="test10" classname="imd.ufrn.RegressionTest0" time="0"/>
  <testcase name="test11" classname="imd.ufrn.RegressionTest0" time="0"/>
  <testcase name="test12" classname="imd.ufrn.RegressionTest0" time="0"/>
  <testcase name="test13" classname="imd.ufrn.RegressionTest0" time="0"/>
  <testcase name="test14" classname="imd.ufrn.RegressionTest0" time="0"/>
  <testcase name="test15" classname="imd.ufrn.RegressionTest0" time="0"/>
  <testcase name="test16" classname="imd.ufrn.RegressionTest0" time="0"/>
  <testcase name="test17" classname="imd.ufrn.RegressionTest0" time="0"/>
  <testcase name="test18" classname="imd.ufrn.RegressionTest0" time="0"/>
  <testcase name="test19" classname="imd.ufrn.RegressionTest0" time="0"/>
  <testcase name="test20" classname="imd.ufrn.RegressionTest0" time="0"/>
  <testcase name="test21" classname="imd.ufrn.RegressionTest0" time="0"/>
  <testcase name="test22" classname="imd.ufrn.RegressionTest0" time="0"/>
  <testcase name="test23" classname="imd.ufrn.RegressionTest0" time="0"/>
  <testcase name="test24" classname="imd.ufrn.RegressionTest0" time="0"/>
  <testcase name="test25" classname="imd.ufrn.RegressionTest0" time="0.001"/>
  <testcase name="test26" classname="imd.ufrn.RegressionTest0" time="0"/>
  <testcase name="test27" classname="imd.ufrn.RegressionTest0" time="0"/>
  <testcase name="test28" classname="imd.ufrn.RegressionTest0" time="0"/>
  <testcase name="test29" classname="imd.ufrn.RegressionTest0" time="0"/>
  <testcase name="test30" classname="imd.ufrn.RegressionTest0" time="0"/>
  <testcase name="test31" classname="imd.ufrn.RegressionTest0" time="0"/>
  <testcase name="test32" classname="imd.ufrn.RegressionTest0" time="0"/>
  <testcase name="test33" classname="imd.ufrn.RegressionTest0" time="0"/>
  <testcase name="test34" classname="imd.ufrn.RegressionTest0" time="0"/>
  <testcase name="test35" classname="imd.ufrn.RegressionTest0" time="0"/>
  <testcase name="test36" classname="imd.ufrn.RegressionTest0" time="0"/>
  <testcase name="test37" classname="imd.ufrn.RegressionTest0" time="0"/>
  <testcase name="test38" classname="imd.ufrn.RegressionTest0" time="0"/>
  <testcase name="test39" classname="imd.ufrn.RegressionTest0" time="0"/>
  <testcase name="test40" classname="imd.ufrn.RegressionTest0" time="0"/>
  <testcase name="test41" classname="imd.ufrn.RegressionTest0" time="0"/>
  <testcase name="test42" classname="imd.ufrn.RegressionTest0" time="0"/>
  <testcase name="test43" classname="imd.ufrn.RegressionTest0" time="0"/>
  <testcase name="test44" classname="imd.ufrn.RegressionTest0" time="0"/>
  <testcase name="test45" classname="imd.ufrn.RegressionTest0" time="0.001"/>
  <testcase name="test46" classname="imd.ufrn.RegressionTest0" time="0"/>
  <testcase name="test47" classname="imd.ufrn.RegressionTest0" time="0"/>
  <testcase name="test48" classname="imd.ufrn.RegressionTest0" time="0"/>
  <testcase name="test49" classname="imd.ufrn.RegressionTest0" time="0"/>
  <testcase name="test50" classname="imd.ufrn.RegressionTest0" time="0"/>
  <testcase name="test51" classname="imd.ufrn.RegressionTest0" time="0"/>
  <testcase name="test52" classname="imd.ufrn.RegressionTest0" time="0"/>
  <testcase name="test53" classname="imd.ufrn.RegressionTest0" time="0"/>
  <testcase name="test54" classname="imd.ufrn.RegressionTest0" time="0.003"/>
  <testcase name="test55" classname="imd.ufrn.RegressionTest0" time="0"/>
  <testcase name="test56" classname="imd.ufrn.RegressionTest0" time="0"/>
  <testcase name="test57" classname="imd.ufrn.RegressionTest0" time="0"/>
  <testcase name="test58" classname="imd.ufrn.RegressionTest0" time="0"/>
  <testcase name="test59" classname="imd.ufrn.RegressionTest0" time="0"/>
  <testcase name="test60" classname="imd.ufrn.RegressionTest0" time="0"/>
  <testcase name="test61" classname="imd.ufrn.RegressionTest0" time="0"/>
  <testcase name="test62" classname="imd.ufrn.RegressionTest0" time="0"/>
  <testcase name="test63" classname="imd.ufrn.RegressionTest0" time="0"/>
  <testcase name="test64" classname="imd.ufrn.RegressionTest0" time="0"/>
  <testcase name="test65" classname="imd.ufrn.RegressionTest0" time="0.001"/>
  <testcase name="test66" classname="imd.ufrn.RegressionTest0" time="0"/>
  <testcase name="test67" classname="imd.ufrn.RegressionTest0" time="0"/>
  <testcase name="test68" classname="imd.ufrn.RegressionTest0" time="0"/>
  <testcase name="test69" classname="imd.ufrn.RegressionTest0" time="0"/>
  <testcase name="test70" classname="imd.ufrn.RegressionTest0" time="0"/>
  <testcase name="test71" classname="imd.ufrn.RegressionTest0" time="0.001"/>
  <testcase name="test72" classname="imd.ufrn.RegressionTest0" time="0"/>
  <testcase name="test73" classname="imd.ufrn.RegressionTest0" time="0"/>
  <testcase name="test74" classname="imd.ufrn.RegressionTest0" time="0.002"/>
  <testcase name="test75" classname="imd.ufrn.RegressionTest0" time="0"/>
  <testcase name="test76" classname="imd.ufrn.RegressionTest0" time="0"/>
  <testcase name="test77" classname="imd.ufrn.RegressionTest0" time="0"/>
  <testcase name="test78" classname="imd.ufrn.RegressionTest0" time="0"/>
  <testcase name="test79" classname="imd.ufrn.RegressionTest0" time="0"/>
  <testcase name="test80" classname="imd.ufrn.RegressionTest0" time="0"/>
</testsuite>