<?xml version="1.0" encoding="UTF-8"?>
<testsuite xmlns:xsi="http://www.w3.org/2001/XMLSchema-instance" xsi:noNamespaceSchemaLocation="https://maven.apache.org/surefire/maven-surefire-plugin/xsd/surefire-test-report.xsd" name="imd.ufrn.service.ApiBankCommunicationService_ESTest" time="0.596" tests="7" errors="0" skipped="0" failures="0">
  <properties>
[...]
</properties>
  <testcase name="test3" classname="imd.ufrn.service.ApiBankCommunicationService_ESTest" time="0.023"/>
  <testcase name="test2" classname="imd.ufrn.service.ApiBankCommunicationService_ESTest" time="0.004"/>
  <testcase name="test5" classname="imd.ufrn.service.ApiBankCommunicationService_ESTest" time="0.005"/>
  <testcase name="test4" classname="imd.ufrn.service.ApiBankCommunicationService_ESTest" time="0.012"/>
  <testcase name="test6" classname="imd.ufrn.service.ApiBankCommunicationService_ESTest" time="0"/>
  <testcase name="test1" classname="imd.ufrn.service.ApiBankCommunicationService_ESTest" time="0.013"/>
  <testcase name="test0" classname="imd.ufrn.service.ApiBankCommunicationService_ESTest" time="0.016"/>
</testsuite>